2019-11-04 21:18:49,850 - Log4JLogChute initialized using file 'velocity.log'
2019-11-04 21:18:49,850 - Initializing Velocity, Calling init()...
2019-11-04 21:18:49,850 - Starting Apache Velocity v1.7 (compiled: 2010-11-19 12:14:37)
2019-11-04 21:18:49,850 - Default Properties File: org\apache\velocity\runtime\defaults\velocity.properties
2019-11-04 21:18:49,850 - Trying to use logger class org.apache.velocity.runtime.log.AvalonLogChute
2019-11-04 21:18:49,850 - Target log system for org.apache.velocity.runtime.log.AvalonLogChute is not available (java.lang.NoClassDefFoundError: org/apache/log/Priority).  Falling back to next log system...
2019-11-04 21:18:49,850 - Trying to use logger class org.apache.velocity.runtime.log.Log4JLogChute
2019-11-04 21:18:49,853 - Using logger class org.apache.velocity.runtime.log.Log4JLogChute
2019-11-04 21:18:49,855 - ResourceLoader instantiated: org.apache.velocity.runtime.resource.loader.ClasspathResourceLoader
2019-11-04 21:18:49,865 - ResourceCache: initialized (class org.apache.velocity.runtime.resource.ResourceCacheImpl) with class java.util.Collections$SynchronizedMap cache map.
2019-11-04 21:18:49,870 - Loaded System Directive: org.apache.velocity.runtime.directive.Stop
2019-11-04 21:18:49,870 - Loaded System Directive: org.apache.velocity.runtime.directive.Define
2019-11-04 21:18:49,870 - Loaded System Directive: org.apache.velocity.runtime.directive.Break
2019-11-04 21:18:49,870 - Loaded System Directive: org.apache.velocity.runtime.directive.Evaluate
2019-11-04 21:18:49,873 - Loaded System Directive: org.apache.velocity.runtime.directive.Literal
2019-11-04 21:18:49,873 - Loaded System Directive: org.apache.velocity.runtime.directive.Macro
2019-11-04 21:18:49,875 - Loaded System Directive: org.apache.velocity.runtime.directive.Parse
2019-11-04 21:18:49,875 - Loaded System Directive: org.apache.velocity.runtime.directive.Include
2019-11-04 21:18:49,875 - Loaded System Directive: org.apache.velocity.runtime.directive.Foreach
2019-11-04 21:18:49,885 - Created '20' parsers.
2019-11-04 21:18:49,888 - Velocimacro : "velocimacro.library" is not set.  Trying default library: VM_global_library.vm
2019-11-04 21:18:49,890 - Could not load resource 'VM_global_library.vm' from ResourceLoader org.apache.velocity.runtime.resource.loader.ClasspathResourceLoader: ClasspathResourceLoader Error: cannot find resource VM_global_library.vm
2019-11-04 21:18:49,890 - Velocimacro : Default library not found.
2019-11-04 21:18:49,890 - Velocimacro : allowInline = true : VMs can be defined inline in templates
2019-11-04 21:18:49,890 - Velocimacro : allowInlineToOverride = false : VMs defined inline may NOT replace previous VM definitions
2019-11-04 21:18:49,890 - Velocimacro : allowInlineLocal = false : VMs defined inline will be global in scope if allowed.
2019-11-04 21:18:49,890 - Velocimacro : autoload off : VM system will not automatically reload global library macros
2019-11-04 21:18:49,905 - ResourceManager : found templates/vm/java/domain.java.vm with loader org.apache.velocity.runtime.resource.loader.ClasspathResourceLoader
2019-11-04 21:18:49,918 - ResourceManager : found templates/vm/java/Mapper.java.vm with loader org.apache.velocity.runtime.resource.loader.ClasspathResourceLoader
2019-11-04 21:18:49,920 - ResourceManager : found templates/vm/java/Service.java.vm with loader org.apache.velocity.runtime.resource.loader.ClasspathResourceLoader
2019-11-04 21:18:49,920 - ResourceManager : found templates/vm/java/ServiceImpl.java.vm with loader org.apache.velocity.runtime.resource.loader.ClasspathResourceLoader
2019-11-04 21:18:49,925 - ResourceManager : found templates/vm/java/Controller.java.vm with loader org.apache.velocity.runtime.resource.loader.ClasspathResourceLoader
2019-11-04 21:18:49,930 - ResourceManager : found templates/vm/xml/Mapper.xml.vm with loader org.apache.velocity.runtime.resource.loader.ClasspathResourceLoader
2019-11-04 21:18:49,938 - Left side ($primaryKey.extra) of '==' operation has null value. If it is a reference, it may not be in the context or its toString() returned null. templates/vm/xml/Mapper.xml.vm[line 31, column 89]
2019-11-04 21:18:49,938 - Left side ($primaryKey.extra) of '!=' operation has null value. If it is a reference, it may not be in the context or its toString() returned null. templates/vm/xml/Mapper.xml.vm[line 35, column 73]
2019-11-04 21:18:49,938 - Left side ($primaryKey.extra) of '!=' operation has null value. If it is a reference, it may not be in the context or its toString() returned null. templates/vm/xml/Mapper.xml.vm[line 42, column 73]
2019-11-04 21:18:49,943 - ResourceManager : found templates/vm/html/list.html.vm with loader org.apache.velocity.runtime.resource.loader.ClasspathResourceLoader
2019-11-04 21:18:49,945 - ResourceManager : found templates/vm/html/add.html.vm with loader org.apache.velocity.runtime.resource.loader.ClasspathResourceLoader
2019-11-04 21:18:49,948 - ResourceManager : found templates/vm/html/edit.html.vm with loader org.apache.velocity.runtime.resource.loader.ClasspathResourceLoader
2019-11-04 21:18:49,948 - ResourceManager : found templates/vm/sql/sql.vm with loader org.apache.velocity.runtime.resource.loader.ClasspathResourceLoader
